<?xml version="1.0" encoding="UTF-8"?>
<!-- Generated by org.testng.reporters.JUnitXMLReporter -->
<testsuite ignored="0" hostname="DESKTOP-KSPA2IG" failures="0" tests="4" name="Default test" time="18.322" errors="0" timestamp="2025-03-20T11:00:22 IST">
  <testcase classname="api.test.UserTest" name="TestPostUser" time="8.659"/>
  <testcase classname="api.test.UserTest" name="testGetUserByName" time="1.861"/>
  <testcase classname="api.test.UserTest" name="updateuser" time="3.845"/>
  <testcase classname="api.test.UserTest" name="deletuserByName" time="1.704"/>
</testsuite> <!-- Default test -->
