<?xml version="1.0" encoding="UTF-8"?>
<testng-results ignored="0" total="4" passed="4" failed="0" skipped="0">
  <reporter-output>
  </reporter-output>
  <suite started-at="2025-03-20T11:00:03 IST" name="Default suite" finished-at="2025-03-20T11:00:22 IST" duration-ms="18322">
    <groups>
    </groups>
    <test started-at="2025-03-20T11:00:03 IST" name="Default test" finished-at="2025-03-20T11:00:22 IST" duration-ms="18322">
      <class name="api.test.UserTest">
        <test-method is-config="true" signature="createDATA()[pri:0, instance:api.test.UserTest@291caca8]" started-at="2025-03-20T11:00:04 IST" name="createDATA" finished-at="2025-03-20T11:00:06 IST" duration-ms="2129" status="PASS">
          <reporter-output>
          </reporter-output>
        </test-method> <!-- createDATA -->
        <test-method signature="TestPostUser()[pri:1, instance:api.test.UserTest@291caca8]" started-at="2025-03-20T11:00:06 IST" name="TestPostUser" finished-at="2025-03-20T11:00:14 IST" duration-ms="8659" status="PASS">
          <reporter-output>
          </reporter-output>
        </test-method> <!-- TestPostUser -->
        <test-method signature="testGetUserByName()[pri:2, instance:api.test.UserTest@291caca8]" started-at="2025-03-20T11:00:14 IST" name="testGetUserByName" finished-at="2025-03-20T11:00:16 IST" depends-on-methods="api.test.UserTest.TestPostUser" duration-ms="1861" status="PASS">
          <reporter-output>
          </reporter-output>
        </test-method> <!-- testGetUserByName -->
        <test-method signature="updateuser()[pri:3, instance:api.test.UserTest@291caca8]" started-at="2025-03-20T11:00:16 IST" name="updateuser" finished-at="2025-03-20T11:00:20 IST" duration-ms="3845" status="PASS">
          <reporter-output>
          </reporter-output>
        </test-method> <!-- updateuser -->
        <test-method signature="deletuserByName()[pri:4, instance:api.test.UserTest@291caca8]" started-at="2025-03-20T11:00:20 IST" name="deletuserByName" finished-at="2025-03-20T11:00:22 IST" duration-ms="1704" status="PASS">
          <reporter-output>
          </reporter-output>
        </test-method> <!-- deletuserByName -->
      </class> <!-- api.test.UserTest -->
    </test> <!-- Default test -->
  </suite> <!-- Default suite -->
</testng-results>
