<?xml version="1.0" encoding="UTF-8"?>
<!-- Generated by org.testng.reporters.JUnitXMLReporter -->
<testsuite ignored="0" hostname="DESKTOP-KSPA2IG" failures="2" tests="4" name="PetTest" time="22.224" errors="0" timestamp="2025-03-20T10:57:46 IST">
  <testcase classname="api.test.UserTest" name="TestPostUser" time="10.963"/>
  <testcase classname="api.test.UserTest" name="testGetUserByName" time="2.08"/>
  <testcase classname="api.test.UserTest" name="updateuser" time="3.459">
    <failure type="java.lang.AssertionError" message="expected [200] but found [404]">
      <![CDATA[java.lang.AssertionError: expected [200] but found [404]
at api.test.UserTest.updateuser(UserTest.java:80)
at java.base/java.util.ArrayList.forEach(ArrayList.java:1597)
... Removed 31 stack frames]]>
    </failure>
  </testcase> <!-- updateuser -->
  <testcase classname="api.test.UserTest" name="deletuserByName" time="1.776">
    <failure type="java.lang.AssertionError" message="expected [200] but found [404]">
      <![CDATA[java.lang.AssertionError: expected [200] but found [404]
at api.test.UserTest.deletuserByName(UserTest.java:90)
at java.base/java.util.ArrayList.forEach(ArrayList.java:1597)
... Removed 31 stack frames]]>
    </failure>
  </testcase> <!-- deletuserByName -->
</testsuite> <!-- PetTest -->
